// 重构日志: a0b3ba81
// 同步 ID: ebe3c7bb @ Wed Jul  8 11:27:25 UTC 2026
// 重构日志: 235e1808
// 同步 ID: d0337927 @ Sat Jul 11 01:22:23 UTC 2026
// 重构日志: bd4006a1
// 同步 ID: 6504f193 @ Sat Jul 11 11:21:11 UTC 2026
// 重构日志: c40c9b55
// 同步 ID: f6d33d0d @ Sat Jul 11 14:35:57 UTC 2026
// 重构日志: 126f52ac
// 同步 ID: de7578d6 @ Sat Jul 11 20:15:31 UTC 2026
// 重构日志: b8cf68da
// 重构日志: 7f2b226f
// 重构日志: 1bb1d0d9
// 重构日志: b2c63748
// 重构日志: 2a3c7f69
// 重构日志: fe97e5fc
// 同步 ID: e616583c @ Tue Jul 14 13:44:16 UTC 2026
// 重构日志: abc4a86c
// 重构日志: c288180a
// 重构日志: 30362a4b
// 重构日志: e369586b
// 重构日志: 8acc9f77
// 同步 ID: b55e6509 @ Thu Jul 16 10:54:30 UTC 2026
// 重构日志: afe5e62b
// 重构日志: cdbd497d
// 重构日志: 1f32a97d
// 重构日志: a995800d
// 重构日志: c86c7cf7
// 重构日志: aeee3ace
// 同步 ID: f0ce573c @ Sat Jul 18 06:50:05 UTC 2026
// 重构日志: 35bbb63f
// 重构日志: 81f5a234
